<?xml version="1.0" encoding="UTF-8"?>
<testng-results total="1" passed="1" failed="0" skipped="0">
  <reporter-output>
  </reporter-output>
  <suite started-at="2021-04-12T15:35:59Z" name="com.lambdatest.Tests.LambdaTest" finished-at="2021-04-12T15:36:48Z" duration-ms="49797">
    <groups>
    </groups>
    <test started-at="2021-04-12T15:35:59Z" name="Command line test" finished-at="2021-04-12T15:36:48Z" duration-ms="49797">
      <class name="com.lambdatest.Tests.LambdaTest">
        <test-method is-config="true" signature="setUp()[pri:0, instance:com.lambdatest.Tests.LambdaTest@458c1321]" started-at="2021-04-12T21:05:59Z" name="setUp" finished-at="2021-04-12T21:06:15Z" duration-ms="16901" status="PASS">
          <reporter-output>
          </reporter-output>
        </test-method> <!-- setUp -->
        <test-method signature="testScript()[pri:0, instance:com.lambdatest.Tests.LambdaTest@458c1321]" started-at="2021-04-12T21:06:15Z" name="testScript" finished-at="2021-04-12T21:06:48Z" duration-ms="32884" status="PASS">
          <reporter-output>
          </reporter-output>
        </test-method> <!-- testScript -->
      </class> <!-- com.lambdatest.Tests.LambdaTest -->
    </test> <!-- Command line test -->
  </suite> <!-- com.lambdatest.Tests.LambdaTest -->
</testng-results>
